<?xml version="1.0" encoding="UTF-8"?>
<!-- Generated by org.testng.reporters.JUnitReportReporter -->
<testsuite hostname="210535-Munsur" failures="0" tests="3" name="TestCases.RechargeTest" time="3.521" errors="0" timestamp="2023-03-26T17:00:10 BDT" skipped="0">
  <testcase classname="TestCases.RechargeTest" name="recharge" time="1.415"/>
  <system-out/>
  <testcase classname="TestCases.RechargeTest" name="recharge" time="1.051"/>
  <system-out/>
  <testcase classname="TestCases.RechargeTest" name="recharge" time="1.055"/>
  <system-out/>
</testsuite> <!-- TestCases.RechargeTest -->
