<?xml version="1.0" encoding="UTF-8"?>
<!-- Generated by org.testng.reporters.JUnitReportReporter -->
<testsuite skipped="0" hostname="PC025" name="Production_Management.CreateOrderTestCase" tests="1" failures="0" timestamp="2019-11-25T14:16:59 BDT" time="58.684" errors="0">
  <testcase name="createBaseOrder" time="58.684" classname="Production_Management.CreateOrderTestCase"/>
</testsuite> <!-- Production_Management.CreateOrderTestCase -->
